## Footprint report - date Sat Jan 15 16:32:23 2022
## Created by Pcbnew version kicad 5.99.0+really5.1.10+dfsg1-1
## Unit = mm, Angle = deg.

$BeginDESCRIPTION

$BOARD
upper_left_corner 120.709257 82.562700
lower_right_corner 157.947170 118.135401
$EndBOARD

$MODULE "TP2"
reference "TP2"
value "TestPoint"
footprint "TestPoint:TestPoint_Pad_D1.0mm"
attribut virtual
position 149.910800 93.980000  orientation 0.00
layer front
$PAD "1"
Shape Circle Layer front
position  0.000000  0.000000  size  1.000000  1.000000  orientation 0.00
drill  0.000000
shape_offset  0.000000  0.000000
$EndPAD
$EndMODULE  TP2

$MODULE "C11"
reference "C11"
value "100n"
footprint "Capacitor_SMD:C_0805_2012Metric_Pad1.18x1.45mm_HandSolder"
attribut smd
position 148.894800 101.447600  orientation 180.00
layer front
$PAD "2"
Shape Roundrect Layer front
position  1.037500  0.000000  size  1.175000  1.450000  orientation 0.00
drill  0.000000
shape_offset  0.000000  0.000000
$EndPAD
$PAD "1"
Shape Roundrect Layer front
position -1.037500  0.000000  size  1.175000  1.450000  orientation 0.00
drill  0.000000
shape_offset  0.000000  0.000000
$EndPAD
$EndMODULE  C11

$MODULE "H4"
reference "H4"
value "MountingHole"
footprint "MountingHole:MountingHole_2.5mm_Pad"
attribut virtual
position 152.848360 112.457280  orientation 0.00
layer front
$PAD "1"
Shape Circle Layer both
position  0.000000  0.000000  size  5.000000  5.000000  orientation 0.00
drill  2.500000
shape_offset  0.000000  0.000000
$EndPAD
$EndMODULE  H4

$MODULE "REF**"
reference "REF**"
value "OSHW-Symbol_13.4x12mm_SilkScreen"
footprint "Symbol:OSHW-Symbol_13.4x12mm_SilkScreen"
attribut virtual
position 140.462000 90.373200  orientation 180.00
layer back
$EndMODULE  REF**

$MODULE "REF**"
reference "REF**"
value "WEEE-Logo_8.4x12mm_SilkScreen"
footprint "Symbol:WEEE-Logo_8.4x12mm_SilkScreen"
attribut virtual
position 134.391400 108.686600  orientation 180.00
layer back
$EndMODULE  REF**

$MODULE "H3"
reference "H3"
value "MountingHole"
footprint "MountingHole:MountingHole_2.5mm_Pad"
attribut virtual
position 127.848360 112.457280  orientation 0.00
layer front
$PAD "1"
Shape Circle Layer both
position  0.000000  0.000000  size  5.000000  5.000000  orientation 0.00
drill  2.500000
shape_offset  0.000000  0.000000
$EndPAD
$EndMODULE  H3

$MODULE "H2"
reference "H2"
value "MountingHole"
footprint "MountingHole:MountingHole_2.5mm_Pad"
attribut virtual
position 152.848360 87.457280  orientation 0.00
layer front
$PAD "1"
Shape Circle Layer both
position  0.000000  0.000000  size  5.000000  5.000000  orientation 0.00
drill  2.500000
shape_offset  0.000000  0.000000
$EndPAD
$EndMODULE  H2

$MODULE "H1"
reference "H1"
value "MountingHole"
footprint "MountingHole:MountingHole_2.5mm_Pad"
attribut virtual
position 127.848360 87.457280  orientation 0.00
layer front
$PAD "1"
Shape Circle Layer both
position  0.000000  0.000000  size  5.000000  5.000000  orientation 0.00
drill  2.500000
shape_offset  0.000000  0.000000
$EndPAD
$EndMODULE  H1

$MODULE "R11"
reference "R11"
value "2k2"
footprint "Resistor_SMD:R_0805_2012Metric_Pad1.20x1.40mm_HandSolder"
attribut smd
position 147.764500 88.201500  orientation 180.00
layer front
$PAD "2"
Shape Roundrect Layer front
position  1.000000  0.000000  size  1.200000  1.400000  orientation 0.00
drill  0.000000
shape_offset  0.000000  0.000000
$EndPAD
$PAD "1"
Shape Roundrect Layer front
position -1.000000  0.000000  size  1.200000  1.400000  orientation 0.00
drill  0.000000
shape_offset  0.000000  0.000000
$EndPAD
$EndMODULE  R11

$MODULE "D1"
reference "D1"
value "LED"
footprint "LED_SMD:LED_0805_2012Metric_Pad1.15x1.40mm_HandSolder"
attribut smd
position 143.945500 88.138000  orientation 0.00
layer front
$PAD "2"
Shape Roundrect Layer front
position  1.025000  0.000000  size  1.150000  1.400000  orientation 0.00
drill  0.000000
shape_offset  0.000000  0.000000
$EndPAD
$PAD "1"
Shape Roundrect Layer front
position -1.025000  0.000000  size  1.150000  1.400000  orientation 0.00
drill  0.000000
shape_offset  0.000000  0.000000
$EndPAD
$EndMODULE  D1

$MODULE "C2"
reference "C2"
value "100n"
footprint "Capacitor_SMD:C_0805_2012Metric_Pad1.18x1.45mm_HandSolder"
attribut smd
position 132.095240 92.186760  orientation 0.00
layer front
$PAD "2"
Shape Roundrect Layer front
position  1.037500  0.000000  size  1.175000  1.450000  orientation 0.00
drill  0.000000
shape_offset  0.000000  0.000000
$EndPAD
$PAD "1"
Shape Roundrect Layer front
position -1.037500  0.000000  size  1.175000  1.450000  orientation 0.00
drill  0.000000
shape_offset  0.000000  0.000000
$EndPAD
$EndMODULE  C2

$MODULE "R10"
reference "R10"
value "15"
footprint "Resistor_SMD:R_0805_2012Metric_Pad1.20x1.40mm_HandSolder"
attribut smd
position 136.707880 98.689160  orientation 270.00
layer front
$PAD "2"
Shape Roundrect Layer front
position  1.000000  0.000000  size  1.200000  1.400000  orientation 0.00
drill  0.000000
shape_offset  0.000000  0.000000
$EndPAD
$PAD "1"
Shape Roundrect Layer front
position -1.000000  0.000000  size  1.200000  1.400000  orientation 0.00
drill  0.000000
shape_offset  0.000000  0.000000
$EndPAD
$EndMODULE  R10

$MODULE "R9"
reference "R9"
value "180"
footprint "Resistor_SMD:R_0805_2012Metric_Pad1.20x1.40mm_HandSolder"
attribut smd
position 134.609840 98.668840  orientation 270.00
layer front
$PAD "2"
Shape Roundrect Layer front
position  1.000000  0.000000  size  1.200000  1.400000  orientation 0.00
drill  0.000000
shape_offset  0.000000  0.000000
$EndPAD
$PAD "1"
Shape Roundrect Layer front
position -1.000000  0.000000  size  1.200000  1.400000  orientation 0.00
drill  0.000000
shape_offset  0.000000  0.000000
$EndPAD
$EndMODULE  R9

$MODULE "R8"
reference "R8"
value "470"
footprint "Resistor_SMD:R_0805_2012Metric_Pad1.20x1.40mm_HandSolder"
attribut smd
position 144.391380 97.870520  orientation 270.00
layer front
$PAD "2"
Shape Roundrect Layer front
position  1.000000  0.000000  size  1.200000  1.400000  orientation 0.00
drill  0.000000
shape_offset  0.000000  0.000000
$EndPAD
$PAD "1"
Shape Roundrect Layer front
position -1.000000  0.000000  size  1.200000  1.400000  orientation 0.00
drill  0.000000
shape_offset  0.000000  0.000000
$EndPAD
$EndMODULE  R8

$MODULE "R7"
reference "R7"
value "2k2"
footprint "Resistor_SMD:R_0805_2012Metric_Pad1.20x1.40mm_HandSolder"
attribut smd
position 142.113000 97.871280  orientation 270.00
layer front
$PAD "2"
Shape Roundrect Layer front
position  1.000000  0.000000  size  1.200000  1.400000  orientation 0.00
drill  0.000000
shape_offset  0.000000  0.000000
$EndPAD
$PAD "1"
Shape Roundrect Layer front
position -1.000000  0.000000  size  1.200000  1.400000  orientation 0.00
drill  0.000000
shape_offset  0.000000  0.000000
$EndPAD
$EndMODULE  R7

$MODULE "R6"
reference "R6"
value "47"
footprint "Resistor_SMD:R_0805_2012Metric_Pad1.20x1.40mm_HandSolder"
attribut smd
position 146.458940 97.858580  orientation 90.00
layer front
$PAD "2"
Shape Roundrect Layer front
position  1.000000  0.000000  size  1.200000  1.400000  orientation 0.00
drill  0.000000
shape_offset  0.000000  0.000000
$EndPAD
$PAD "1"
Shape Roundrect Layer front
position -1.000000  0.000000  size  1.200000  1.400000  orientation 0.00
drill  0.000000
shape_offset  0.000000  0.000000
$EndPAD
$EndMODULE  R6

$MODULE "R5"
reference "R5"
value "2k2"
footprint "Resistor_SMD:R_0805_2012Metric_Pad1.20x1.40mm_HandSolder"
attribut smd
position 132.532120 98.689160  orientation 270.00
layer front
$PAD "2"
Shape Roundrect Layer front
position  1.000000  0.000000  size  1.200000  1.400000  orientation 0.00
drill  0.000000
shape_offset  0.000000  0.000000
$EndPAD
$PAD "1"
Shape Roundrect Layer front
position -1.000000  0.000000  size  1.200000  1.400000  orientation 0.00
drill  0.000000
shape_offset  0.000000  0.000000
$EndPAD
$EndMODULE  R5

$MODULE "R4"
reference "R4"
value "10k"
footprint "Resistor_SMD:R_0805_2012Metric_Pad1.20x1.40mm_HandSolder"
attribut smd
position 136.144000 87.947500  orientation 180.00
layer front
$PAD "2"
Shape Roundrect Layer front
position  1.000000  0.000000  size  1.200000  1.400000  orientation 0.00
drill  0.000000
shape_offset  0.000000  0.000000
$EndPAD
$PAD "1"
Shape Roundrect Layer front
position -1.000000  0.000000  size  1.200000  1.400000  orientation 0.00
drill  0.000000
shape_offset  0.000000  0.000000
$EndPAD
$EndMODULE  R4

$MODULE "R3"
reference "R3"
value "680"
footprint "Resistor_SMD:R_0805_2012Metric_Pad1.20x1.40mm_HandSolder"
attribut smd
position 132.074920 90.012520  orientation 180.00
layer front
$PAD "2"
Shape Roundrect Layer front
position  1.000000  0.000000  size  1.200000  1.400000  orientation 0.00
drill  0.000000
shape_offset  0.000000  0.000000
$EndPAD
$PAD "1"
Shape Roundrect Layer front
position -1.000000  0.000000  size  1.200000  1.400000  orientation 0.00
drill  0.000000
shape_offset  0.000000  0.000000
$EndPAD
$EndMODULE  R3

$MODULE "R2"
reference "R2"
value "330"
footprint "Resistor_SMD:R_0805_2012Metric_Pad1.20x1.40mm_HandSolder"
attribut smd
position 140.017500 92.456000  orientation 270.00
layer front
$PAD "2"
Shape Roundrect Layer front
position  1.000000  0.000000  size  1.200000  1.400000  orientation 0.00
drill  0.000000
shape_offset  0.000000  0.000000
$EndPAD
$PAD "1"
Shape Roundrect Layer front
position -1.000000  0.000000  size  1.200000  1.400000  orientation 0.00
drill  0.000000
shape_offset  0.000000  0.000000
$EndPAD
$EndMODULE  R2

$MODULE "R1"
reference "R1"
value "10"
footprint "Resistor_SMD:R_0805_2012Metric_Pad1.20x1.40mm_HandSolder"
attribut smd
position 148.399500 90.487500  orientation 180.00
layer front
$PAD "2"
Shape Roundrect Layer front
position  1.000000  0.000000  size  1.200000  1.400000  orientation 0.00
drill  0.000000
shape_offset  0.000000  0.000000
$EndPAD
$PAD "1"
Shape Roundrect Layer front
position -1.000000  0.000000  size  1.200000  1.400000  orientation 0.00
drill  0.000000
shape_offset  0.000000  0.000000
$EndPAD
$EndMODULE  R1

$MODULE "Q6"
reference "Q6"
value "MMBT3904"
footprint "Package_TO_SOT_SMD:SOT-23"
attribut smd
position 136.207500 91.059000  orientation 90.00
layer front
$PAD "3"
Shape Rect Layer front
position  1.000000  0.000000  size  0.900000  0.800000  orientation 0.00
drill  0.000000
shape_offset  0.000000  0.000000
$EndPAD
$PAD "2"
Shape Rect Layer front
position -1.000000  0.950000  size  0.900000  0.800000  orientation 0.00
drill  0.000000
shape_offset  0.000000  0.000000
$EndPAD
$PAD "1"
Shape Rect Layer front
position -1.000000 -0.950000  size  0.900000  0.800000  orientation 0.00
drill  0.000000
shape_offset  0.000000  0.000000
$EndPAD
$EndMODULE  Q6

$MODULE "Q5"
reference "Q5"
value "MMBT3904"
footprint "Package_TO_SOT_SMD:SOT-23"
attribut smd
position 147.040600 93.802200  orientation 90.00
layer front
$PAD "3"
Shape Rect Layer front
position  1.000000  0.000000  size  0.900000  0.800000  orientation 0.00
drill  0.000000
shape_offset  0.000000  0.000000
$EndPAD
$PAD "2"
Shape Rect Layer front
position -1.000000  0.950000  size  0.900000  0.800000  orientation 0.00
drill  0.000000
shape_offset  0.000000  0.000000
$EndPAD
$PAD "1"
Shape Rect Layer front
position -1.000000 -0.950000  size  0.900000  0.800000  orientation 0.00
drill  0.000000
shape_offset  0.000000  0.000000
$EndPAD
$EndMODULE  Q5

$MODULE "Q4"
reference "Q4"
value "MMBT3904"
footprint "Package_TO_SOT_SMD:SOT-23"
attribut smd
position 143.040100 93.812360  orientation 90.00
layer front
$PAD "3"
Shape Rect Layer front
position  1.000000  0.000000  size  0.900000  0.800000  orientation 0.00
drill  0.000000
shape_offset  0.000000  0.000000
$EndPAD
$PAD "2"
Shape Rect Layer front
position -1.000000  0.950000  size  0.900000  0.800000  orientation 0.00
drill  0.000000
shape_offset  0.000000  0.000000
$EndPAD
$PAD "1"
Shape Rect Layer front
position -1.000000 -0.950000  size  0.900000  0.800000  orientation 0.00
drill  0.000000
shape_offset  0.000000  0.000000
$EndPAD
$EndMODULE  Q4

$MODULE "P2"
reference "P2"
value "CONN_01X02"
footprint "Connector_PinHeader_2.54mm:PinHeader_1x02_P2.54mm_Vertical"
attribut none
position 152.694640 95.224600  orientation 180.00
layer front
$PAD "2"
Shape Oval Layer both
position  0.000000  2.540000  size  1.700000  1.700000  orientation 0.00
drill  1.000000
shape_offset  0.000000  0.000000
$EndPAD
$PAD "1"
Shape Rect Layer both
position  0.000000  0.000000  size  1.700000  1.700000  orientation 0.00
drill  1.000000
shape_offset  0.000000  0.000000
$EndPAD
$EndMODULE  P2

$MODULE "P1"
reference "P1"
value "CONN_01X02"
footprint "Connector_PinHeader_2.54mm:PinHeader_1x02_P2.54mm_Vertical"
attribut none
position 128.219200 95.067120  orientation 180.00
layer front
$PAD "2"
Shape Oval Layer both
position  0.000000  2.540000  size  1.700000  1.700000  orientation 0.00
drill  1.000000
shape_offset  0.000000  0.000000
$EndPAD
$PAD "1"
Shape Rect Layer both
position  0.000000  0.000000  size  1.700000  1.700000  orientation 0.00
drill  1.000000
shape_offset  0.000000  0.000000
$EndPAD
$EndMODULE  P1

$MODULE "C5"
reference "C5"
value "100n"
footprint "Capacitor_SMD:C_0805_2012Metric_Pad1.18x1.45mm_HandSolder"
attribut smd
position 136.235440 95.666560  orientation 0.00
layer front
$PAD "2"
Shape Roundrect Layer front
position  1.037500  0.000000  size  1.175000  1.450000  orientation 0.00
drill  0.000000
shape_offset  0.000000  0.000000
$EndPAD
$PAD "1"
Shape Roundrect Layer front
position -1.037500  0.000000  size  1.175000  1.450000  orientation 0.00
drill  0.000000
shape_offset  0.000000  0.000000
$EndPAD
$EndMODULE  C5

$MODULE "C4"
reference "C4"
value "100n"
footprint "Capacitor_SMD:C_0805_2012Metric_Pad1.18x1.45mm_HandSolder"
attribut smd
position 149.034500 98.234500  orientation 90.00
layer front
$PAD "2"
Shape Roundrect Layer front
position  1.037500  0.000000  size  1.175000  1.450000  orientation 0.00
drill  0.000000
shape_offset  0.000000  0.000000
$EndPAD
$PAD "1"
Shape Roundrect Layer front
position -1.037500  0.000000  size  1.175000  1.450000  orientation 0.00
drill  0.000000
shape_offset  0.000000  0.000000
$EndPAD
$EndMODULE  C4

$MODULE "C3"
reference "C3"
value "100n"
footprint "Capacitor_SMD:C_0805_2012Metric_Pad1.18x1.45mm_HandSolder"
attribut smd
position 132.156200 94.950280  orientation 180.00
layer front
$PAD "2"
Shape Roundrect Layer front
position  1.037500  0.000000  size  1.175000  1.450000  orientation 0.00
drill  0.000000
shape_offset  0.000000  0.000000
$EndPAD
$PAD "1"
Shape Roundrect Layer front
position -1.037500  0.000000  size  1.175000  1.450000  orientation 0.00
drill  0.000000
shape_offset  0.000000  0.000000
$EndPAD
$EndMODULE  C3

$MODULE "C1"
reference "C1"
value "100n"
footprint "Capacitor_SMD:C_0805_2012Metric_Pad1.18x1.45mm_HandSolder"
attribut smd
position 139.890500 88.265000  orientation 90.00
layer front
$PAD "2"
Shape Roundrect Layer front
position  1.037500  0.000000  size  1.175000  1.450000  orientation 0.00
drill  0.000000
shape_offset  0.000000  0.000000
$EndPAD
$PAD "1"
Shape Roundrect Layer front
position -1.037500  0.000000  size  1.175000  1.450000  orientation 0.00
drill  0.000000
shape_offset  0.000000  0.000000
$EndPAD
$EndMODULE  C1

$MODULE "P103"
reference "P103"
value "CONN_01X02"
footprint "Connector_PinHeader_2.54mm:PinHeader_1x02_P2.54mm_Vertical"
attribut none
position 152.679400 101.498400  orientation 180.00
layer front
$PAD "2"
Shape Oval Layer both
position  0.000000  2.540000  size  1.700000  1.700000  orientation 0.00
drill  1.000000
shape_offset  0.000000  0.000000
$EndPAD
$PAD "1"
Shape Rect Layer both
position  0.000000  0.000000  size  1.700000  1.700000  orientation 0.00
drill  1.000000
shape_offset  0.000000  0.000000
$EndPAD
$EndMODULE  P103

$MODULE "R17"
reference "R17"
value "47"
footprint "Resistor_SMD:R_0805_2012Metric_Pad1.20x1.40mm_HandSolder"
attribut smd
position 146.202400 111.023400  orientation 90.00
layer front
$PAD "2"
Shape Roundrect Layer front
position  1.000000  0.000000  size  1.200000  1.400000  orientation 0.00
drill  0.000000
shape_offset  0.000000  0.000000
$EndPAD
$PAD "1"
Shape Roundrect Layer front
position -1.000000  0.000000  size  1.200000  1.400000  orientation 0.00
drill  0.000000
shape_offset  0.000000  0.000000
$EndPAD
$EndMODULE  R17

$MODULE "R12"
reference "R12"
value "10"
footprint "Resistor_SMD:R_0805_2012Metric_Pad1.20x1.40mm_HandSolder"
attribut smd
position 147.746720 103.759000  orientation 180.00
layer front
$PAD "2"
Shape Roundrect Layer front
position  1.000000  0.000000  size  1.200000  1.400000  orientation 0.00
drill  0.000000
shape_offset  0.000000  0.000000
$EndPAD
$PAD "1"
Shape Roundrect Layer front
position -1.000000  0.000000  size  1.200000  1.400000  orientation 0.00
drill  0.000000
shape_offset  0.000000  0.000000
$EndPAD
$EndMODULE  R12

$MODULE "R19"
reference "R19"
value "470"
footprint "Resistor_SMD:R_0805_2012Metric_Pad1.20x1.40mm_HandSolder"
attribut smd
position 143.992600 111.114840  orientation 270.00
layer front
$PAD "2"
Shape Roundrect Layer front
position  1.000000  0.000000  size  1.200000  1.400000  orientation 0.00
drill  0.000000
shape_offset  0.000000  0.000000
$EndPAD
$PAD "1"
Shape Roundrect Layer front
position -1.000000  0.000000  size  1.200000  1.400000  orientation 0.00
drill  0.000000
shape_offset  0.000000  0.000000
$EndPAD
$EndMODULE  R19

$MODULE "R18"
reference "R18"
value "2k2"
footprint "Resistor_SMD:R_0805_2012Metric_Pad1.20x1.40mm_HandSolder"
attribut smd
position 141.813280 111.140240  orientation 270.00
layer front
$PAD "2"
Shape Roundrect Layer front
position  1.000000  0.000000  size  1.200000  1.400000  orientation 0.00
drill  0.000000
shape_offset  0.000000  0.000000
$EndPAD
$PAD "1"
Shape Roundrect Layer front
position -1.000000  0.000000  size  1.200000  1.400000  orientation 0.00
drill  0.000000
shape_offset  0.000000  0.000000
$EndPAD
$EndMODULE  R18

$MODULE "R21"
reference "R21"
value "15"
footprint "Resistor_SMD:R_0805_2012Metric_Pad1.20x1.40mm_HandSolder"
attribut smd
position 138.607800 114.000000  orientation 270.00
layer front
$PAD "2"
Shape Roundrect Layer front
position  1.000000  0.000000  size  1.200000  1.400000  orientation 0.00
drill  0.000000
shape_offset  0.000000  0.000000
$EndPAD
$PAD "1"
Shape Roundrect Layer front
position -1.000000  0.000000  size  1.200000  1.400000  orientation 0.00
drill  0.000000
shape_offset  0.000000  0.000000
$EndPAD
$EndMODULE  R21

$MODULE "R20"
reference "R20"
value "180"
footprint "Resistor_SMD:R_0805_2012Metric_Pad1.20x1.40mm_HandSolder"
attribut smd
position 136.508000 114.000000  orientation 270.00
layer front
$PAD "2"
Shape Roundrect Layer front
position  1.000000  0.000000  size  1.200000  1.400000  orientation 0.00
drill  0.000000
shape_offset  0.000000  0.000000
$EndPAD
$PAD "1"
Shape Roundrect Layer front
position -1.000000  0.000000  size  1.200000  1.400000  orientation 0.00
drill  0.000000
shape_offset  0.000000  0.000000
$EndPAD
$EndMODULE  R20

$MODULE "R13"
reference "R13"
value "330"
footprint "Resistor_SMD:R_0805_2012Metric_Pad1.20x1.40mm_HandSolder"
attribut smd
position 140.000000 106.750000  orientation 270.00
layer front
$PAD "2"
Shape Roundrect Layer front
position  1.000000  0.000000  size  1.200000  1.400000  orientation 0.00
drill  0.000000
shape_offset  0.000000  0.000000
$EndPAD
$PAD "1"
Shape Roundrect Layer front
position -1.000000  0.000000  size  1.200000  1.400000  orientation 0.00
drill  0.000000
shape_offset  0.000000  0.000000
$EndPAD
$EndMODULE  R13

$MODULE "R14"
reference "R14"
value "680"
footprint "Resistor_SMD:R_0805_2012Metric_Pad1.20x1.40mm_HandSolder"
attribut smd
position 132.029200 105.968800  orientation 180.00
layer front
$PAD "2"
Shape Roundrect Layer front
position  1.000000  0.000000  size  1.200000  1.400000  orientation 0.00
drill  0.000000
shape_offset  0.000000  0.000000
$EndPAD
$PAD "1"
Shape Roundrect Layer front
position -1.000000  0.000000  size  1.200000  1.400000  orientation 0.00
drill  0.000000
shape_offset  0.000000  0.000000
$EndPAD
$EndMODULE  R14

$MODULE "R16"
reference "R16"
value "2k2"
footprint "Resistor_SMD:R_0805_2012Metric_Pad1.20x1.40mm_HandSolder"
attribut smd
position 133.154420 114.000000  orientation 270.00
layer front
$PAD "2"
Shape Roundrect Layer front
position  1.000000  0.000000  size  1.200000  1.400000  orientation 0.00
drill  0.000000
shape_offset  0.000000  0.000000
$EndPAD
$PAD "1"
Shape Roundrect Layer front
position -1.000000  0.000000  size  1.200000  1.400000  orientation 0.00
drill  0.000000
shape_offset  0.000000  0.000000
$EndPAD
$EndMODULE  R16

$MODULE "R15"
reference "R15"
value "10k"
footprint "Resistor_SMD:R_0805_2012Metric_Pad1.20x1.40mm_HandSolder"
attribut smd
position 136.563100 103.632000  orientation 180.00
layer front
$PAD "2"
Shape Roundrect Layer front
position  1.000000  0.000000  size  1.200000  1.400000  orientation 0.00
drill  0.000000
shape_offset  0.000000  0.000000
$EndPAD
$PAD "1"
Shape Roundrect Layer front
position -1.000000  0.000000  size  1.200000  1.400000  orientation 0.00
drill  0.000000
shape_offset  0.000000  0.000000
$EndPAD
$EndMODULE  R15

$MODULE "Q3"
reference "Q3"
value "MMBT3904"
footprint "Package_TO_SOT_SMD:SOT-23"
attribut smd
position 147.459700 106.743500  orientation 90.00
layer front
$PAD "3"
Shape Rect Layer front
position  1.000000  0.000000  size  0.900000  0.800000  orientation 0.00
drill  0.000000
shape_offset  0.000000  0.000000
$EndPAD
$PAD "2"
Shape Rect Layer front
position -1.000000  0.950000  size  0.900000  0.800000  orientation 0.00
drill  0.000000
shape_offset  0.000000  0.000000
$EndPAD
$PAD "1"
Shape Rect Layer front
position -1.000000 -0.950000  size  0.900000  0.800000  orientation 0.00
drill  0.000000
shape_offset  0.000000  0.000000
$EndPAD
$EndMODULE  Q3

$MODULE "Q2"
reference "Q2"
value "MMBT3904"
footprint "Package_TO_SOT_SMD:SOT-23"
attribut smd
position 143.319500 106.743500  orientation 90.00
layer front
$PAD "3"
Shape Rect Layer front
position  1.000000  0.000000  size  0.900000  0.800000  orientation 0.00
drill  0.000000
shape_offset  0.000000  0.000000
$EndPAD
$PAD "2"
Shape Rect Layer front
position -1.000000  0.950000  size  0.900000  0.800000  orientation 0.00
drill  0.000000
shape_offset  0.000000  0.000000
$EndPAD
$PAD "1"
Shape Rect Layer front
position -1.000000 -0.950000  size  0.900000  0.800000  orientation 0.00
drill  0.000000
shape_offset  0.000000  0.000000
$EndPAD
$EndMODULE  Q2

$MODULE "Q1"
reference "Q1"
value "MMBT3904"
footprint "Package_TO_SOT_SMD:SOT-23"
attribut smd
position 136.398000 106.984800  orientation 90.00
layer front
$PAD "3"
Shape Rect Layer front
position  1.000000  0.000000  size  0.900000  0.800000  orientation 0.00
drill  0.000000
shape_offset  0.000000  0.000000
$EndPAD
$PAD "2"
Shape Rect Layer front
position -1.000000  0.950000  size  0.900000  0.800000  orientation 0.00
drill  0.000000
shape_offset  0.000000  0.000000
$EndPAD
$PAD "1"
Shape Rect Layer front
position -1.000000 -0.950000  size  0.900000  0.800000  orientation 0.00
drill  0.000000
shape_offset  0.000000  0.000000
$EndPAD
$EndMODULE  Q1

$MODULE "C9"
reference "C9"
value "100n"
footprint "Capacitor_SMD:C_0805_2012Metric_Pad1.18x1.45mm_HandSolder"
attribut smd
position 148.539200 111.556800  orientation 90.00
layer front
$PAD "2"
Shape Roundrect Layer front
position  1.037500  0.000000  size  1.175000  1.450000  orientation 0.00
drill  0.000000
shape_offset  0.000000  0.000000
$EndPAD
$PAD "1"
Shape Roundrect Layer front
position -1.037500  0.000000  size  1.175000  1.450000  orientation 0.00
drill  0.000000
shape_offset  0.000000  0.000000
$EndPAD
$EndMODULE  C9

$MODULE "C6"
reference "C6"
value "100n"
footprint "Capacitor_SMD:C_0805_2012Metric_Pad1.18x1.45mm_HandSolder"
attribut smd
position 139.974320 102.387400  orientation 90.00
layer front
$PAD "2"
Shape Roundrect Layer front
position  1.037500  0.000000  size  1.175000  1.450000  orientation 0.00
drill  0.000000
shape_offset  0.000000  0.000000
$EndPAD
$PAD "1"
Shape Roundrect Layer front
position -1.037500  0.000000  size  1.175000  1.450000  orientation 0.00
drill  0.000000
shape_offset  0.000000  0.000000
$EndPAD
$EndMODULE  C6

$MODULE "C10"
reference "C10"
value "100n"
footprint "Capacitor_SMD:C_0805_2012Metric_Pad1.18x1.45mm_HandSolder"
attribut smd
position 137.699660 110.713520  orientation 0.00
layer front
$PAD "2"
Shape Roundrect Layer front
position  1.037500  0.000000  size  1.175000  1.450000  orientation 0.00
drill  0.000000
shape_offset  0.000000  0.000000
$EndPAD
$PAD "1"
Shape Roundrect Layer front
position -1.037500  0.000000  size  1.175000  1.450000  orientation 0.00
drill  0.000000
shape_offset  0.000000  0.000000
$EndPAD
$EndMODULE  C10

$MODULE "C7"
reference "C7"
value "100n"
footprint "Capacitor_SMD:C_0805_2012Metric_Pad1.18x1.45mm_HandSolder"
attribut smd
position 132.000000 108.000000  orientation 0.00
layer front
$PAD "2"
Shape Roundrect Layer front
position  1.037500  0.000000  size  1.175000  1.450000  orientation 0.00
drill  0.000000
shape_offset  0.000000  0.000000
$EndPAD
$PAD "1"
Shape Roundrect Layer front
position -1.037500  0.000000  size  1.175000  1.450000  orientation 0.00
drill  0.000000
shape_offset  0.000000  0.000000
$EndPAD
$EndMODULE  C7

$MODULE "C8"
reference "C8"
value "100n"
footprint "Capacitor_SMD:C_0805_2012Metric_Pad1.18x1.45mm_HandSolder"
attribut smd
position 132.207000 110.083600  orientation 180.00
layer front
$PAD "2"
Shape Roundrect Layer front
position  1.037500  0.000000  size  1.175000  1.450000  orientation 0.00
drill  0.000000
shape_offset  0.000000  0.000000
$EndPAD
$PAD "1"
Shape Roundrect Layer front
position -1.037500  0.000000  size  1.175000  1.450000  orientation 0.00
drill  0.000000
shape_offset  0.000000  0.000000
$EndPAD
$EndMODULE  C8

$MODULE "P102"
reference "P102"
value "CONN_01X02"
footprint "Connector_PinHeader_2.54mm:PinHeader_1x02_P2.54mm_Vertical"
attribut none
position 152.628600 107.823000  orientation 180.00
layer front
$PAD "2"
Shape Oval Layer both
position  0.000000  2.540000  size  1.700000  1.700000  orientation 0.00
drill  1.000000
shape_offset  0.000000  0.000000
$EndPAD
$PAD "1"
Shape Rect Layer both
position  0.000000  0.000000  size  1.700000  1.700000  orientation 0.00
drill  1.000000
shape_offset  0.000000  0.000000
$EndPAD
$EndMODULE  P102

$MODULE "P101"
reference "P101"
value "CONN_01X02"
footprint "Connector_PinHeader_2.54mm:PinHeader_1x02_P2.54mm_Vertical"
attribut none
position 128.016000 107.772200  orientation 180.00
layer front
$PAD "2"
Shape Oval Layer both
position  0.000000  2.540000  size  1.700000  1.700000  orientation 0.00
drill  1.000000
shape_offset  0.000000  0.000000
$EndPAD
$PAD "1"
Shape Rect Layer both
position  0.000000  0.000000  size  1.700000  1.700000  orientation 0.00
drill  1.000000
shape_offset  0.000000  0.000000
$EndPAD
$EndMODULE  P101

$EndDESCRIPTION
